2024-01-25 20:30:30,462: 1111111111111111111111111Leader_loop1111111111111111111111111
2024-01-25 20:30:30,462: Last consensus is30
2024-01-25 20:30:56,565: 1111111111111111111111111Leader_loop1111111111111111111111111
2024-01-25 20:30:56,565: Last consensus is30
2024-01-25 20:31:53,209: 1111111111111111111111111Leader_loop1111111111111111111111111
2024-01-25 20:31:53,209: Last consensus is30
2024-01-25 20:32:38,209: Continuation of leadership192.168.0.111,50050
2024-01-25 20:32:38,210: 1111111111111111111111111Leader_loop1111111111111111111111111
2024-01-25 20:32:38,210: CR_loop
2024-01-25 20:32:38,210: CR_loop
2024-01-25 20:32:38,210: block num : <bound method IBCManager.ref_block_number of <cross_reference.ibc_manager.IBCManager object at 0x7f8eed977370>>
2024-01-25 20:34:28,622: 1111111111111111111111111Leader_loop1111111111111111111111111
2024-01-25 20:34:28,623: Last consensus is30
2024-01-25 20:35:13,623: Continuation of leadership192.168.0.111,50050
2024-01-25 20:35:13,623: 1111111111111111111111111Leader_loop1111111111111111111111111
2024-01-25 20:35:13,624: CR_loop
2024-01-25 20:35:13,624: CR_loop
2024-01-25 20:35:13,624: block num : <bound method IBCManager.ref_block_number of <cross_reference.ibc_manager.IBCManager object at 0x7fab88997370>>
2024-01-25 20:35:58,624: Continuation of leadership192.168.0.111,50050
2024-01-25 20:35:58,624: 1111111111111111111111111Leader_loop1111111111111111111111111
2024-01-25 20:35:58,634: CR_loop
2024-01-25 20:35:58,634: CR_loop
2024-01-25 20:35:58,634: block num : <bound method IBCManager.ref_block_number of <cross_reference.ibc_manager.IBCManager object at 0x7fab88997370>>
